i:\nuzorg\software\softwaredevelopment\c++\applications\elevator_simulator\debug\vc142.pdb
i:\nuzorg\software\softwaredevelopment\c++\applications\elevator_simulator\debug\vc142.idb
i:\nuzorg\software\softwaredevelopment\c++\applications\elevator_simulator\debug\scheduler.obj
i:\nuzorg\software\softwaredevelopment\c++\applications\elevator_simulator\debug\person.obj
i:\nuzorg\software\softwaredevelopment\c++\applications\elevator_simulator\debug\light.obj
i:\nuzorg\software\softwaredevelopment\c++\applications\elevator_simulator\debug\floorbutton.obj
i:\nuzorg\software\softwaredevelopment\c++\applications\elevator_simulator\debug\floor.obj
i:\nuzorg\software\softwaredevelopment\c++\applications\elevator_simulator\debug\elevator_simulator.obj
i:\nuzorg\software\softwaredevelopment\c++\applications\elevator_simulator\debug\elevatorbutton.obj
i:\nuzorg\software\softwaredevelopment\c++\applications\elevator_simulator\debug\elevator.obj
i:\nuzorg\software\softwaredevelopment\c++\applications\elevator_simulator\debug\door.obj
i:\nuzorg\software\softwaredevelopment\c++\applications\elevator_simulator\debug\clock.obj
i:\nuzorg\software\softwaredevelopment\c++\applications\elevator_simulator\debug\building.obj
i:\nuzorg\software\softwaredevelopment\c++\applications\elevator_simulator\debug\bldgstat.obj
i:\nuzorg\software\softwaredevelopment\c++\applications\elevator_simulator\debug\bell.obj
i:\nuzorg\software\softwaredevelopment\c++\applications\elevator_simulator\debug\elevator_simulator.ilk
i:\nuzorg\software\softwaredevelopment\c++\applications\elevator_simulator\debug\elevator_simulator.exe
i:\nuzorg\software\softwaredevelopment\c++\applications\elevator_simulator\debug\elevator_simulator.pdb
i:\nuzorg\software\softwaredevelopment\c++\applications\elevator_simulator\debug\elevator.a3dcb8c1.tlog\cl.command.1.tlog
i:\nuzorg\software\softwaredevelopment\c++\applications\elevator_simulator\debug\elevator.a3dcb8c1.tlog\cl.read.1.tlog
i:\nuzorg\software\softwaredevelopment\c++\applications\elevator_simulator\debug\elevator.a3dcb8c1.tlog\cl.write.1.tlog
i:\nuzorg\software\softwaredevelopment\c++\applications\elevator_simulator\debug\elevator.a3dcb8c1.tlog\link.command.1.tlog
i:\nuzorg\software\softwaredevelopment\c++\applications\elevator_simulator\debug\elevator.a3dcb8c1.tlog\link.read.1.tlog
i:\nuzorg\software\softwaredevelopment\c++\applications\elevator_simulator\debug\elevator.a3dcb8c1.tlog\link.write.1.tlog
